Flow report for Complete_MIPS
Tue Apr 26 16:04:47 2016
Quartus Prime Version 15.1.0 Build 185 10/21/2015 SJ Lite Edition


---------------------
; Table of Contents ;
---------------------
  1. Legal Notice
  2. Flow Summary
  3. Flow Settings
  4. Flow Non-Default Global Settings
  5. Flow Elapsed Time
  6. Flow OS Summary
  7. Flow Log
  8. Flow Messages
  9. Flow Suppressed Messages



----------------
; Legal Notice ;
----------------
Copyright (C) 1991-2015 Altera Corporation. All rights reserved.
Your use of Altera Corporation's design tools, logic functions 
and other software and tools, and its AMPP partner logic 
functions, and any output files from any of the foregoing 
(including device programming or simulation files), and any 
associated documentation or information are expressly subject 
to the terms and conditions of the Altera Program License 
Subscription Agreement, the Altera Quartus Prime License Agreement,
the Altera MegaCore Function License Agreement, or other 
applicable license agreement, including, without limitation, 
that your use is for the sole purpose of programming logic 
devices manufactured by Altera and sold by Altera or its 
authorized distributors.  Please refer to the applicable 
agreement for further details.



+----------------------------------------------------------------------------------+
; Flow Summary                                                                     ;
+------------------------------------+---------------------------------------------+
; Flow Status                        ; Successful - Tue Apr 26 16:04:47 2016       ;
; Quartus Prime Version              ; 15.1.0 Build 185 10/21/2015 SJ Lite Edition ;
; Revision Name                      ; Complete_MIPS                               ;
; Top-level Entity Name              ; Complete_MIPS                               ;
; Family                             ; Cyclone IV E                                ;
; Device                             ; EP4CE115F29C7                               ;
; Timing Models                      ; Final                                       ;
; Total logic elements               ; 4,792 / 114,480 ( 4 % )                     ;
;     Total combinational functions  ; 4,061 / 114,480 ( 4 % )                     ;
;     Dedicated logic registers      ; 1,524 / 114,480 ( 1 % )                     ;
; Total registers                    ; 1524                                        ;
; Total pins                         ; 67 / 529 ( 13 % )                           ;
; Total virtual pins                 ; 0                                           ;
; Total memory bits                  ; 68,608 / 3,981,312 ( 2 % )                  ;
; Embedded Multiplier 9-bit elements ; 8 / 532 ( 2 % )                             ;
; Total PLLs                         ; 0 / 4 ( 0 % )                               ;
+------------------------------------+---------------------------------------------+


+-----------------------------------------+
; Flow Settings                           ;
+-------------------+---------------------+
; Option            ; Setting             ;
+-------------------+---------------------+
; Start date & time ; 04/26/2016 16:00:06 ;
; Main task         ; Compilation         ;
; Revision Name     ; Complete_MIPS       ;
+-------------------+---------------------+


+-------------------------------------------------------------------------------------------------------------------------------------------------------------------------------------------------------------------------------------------------------------------------------------------------------------------------------------------------------------+
; Flow Non-Default Global Settings                                                                                                                                                                                                                                                                                                                            ;
+--------------------------------------------------+--------------------------------------------------------------------------------------------------------------------------------------------------------------------------------------------------------------------------------------------------+---------------+-------------+-------------------------+
; Assignment Name                                  ; Value                                                                                                                                                                                                                                            ; Default Value ; Entity Name ; Section Id              ;
+--------------------------------------------------+--------------------------------------------------------------------------------------------------------------------------------------------------------------------------------------------------------------------------------------------------+---------------+-------------+-------------------------+
; ADV_NETLIST_OPT_RETIME_CORE_AND_IO               ; Off                                                                                                                                                                                                                                              ; On            ; --          ; --                      ;
; BOARD_MODEL_FAR_C                                ; Open                                                                                                                                                                                                                                             ; --            ; --          ; 1.2V                    ;
; BOARD_MODEL_FAR_PULLDOWN_R                       ; Open                                                                                                                                                                                                                                             ; --            ; --          ; 1.2V                    ;
; BOARD_MODEL_FAR_PULLUP_R                         ; Open                                                                                                                                                                                                                                             ; --            ; --          ; 1.2V                    ;
; BOARD_MODEL_FAR_SERIES_R                         ; Short                                                                                                                                                                                                                                            ; --            ; --          ; 1.2V                    ;
; BOARD_MODEL_NEAR_C                               ; Open                                                                                                                                                                                                                                             ; --            ; --          ; 1.2V                    ;
; BOARD_MODEL_NEAR_PULLDOWN_R                      ; Open                                                                                                                                                                                                                                             ; --            ; --          ; 1.2V                    ;
; BOARD_MODEL_NEAR_PULLUP_R                        ; Open                                                                                                                                                                                                                                             ; --            ; --          ; 1.2V                    ;
; BOARD_MODEL_NEAR_SERIES_R                        ; Short                                                                                                                                                                                                                                            ; --            ; --          ; 1.2V                    ;
; BOARD_MODEL_NEAR_TLINE_C_PER_LENGTH              ; 0                                                                                                                                                                                                                                                ; --            ; --          ; 1.2V                    ;
; BOARD_MODEL_NEAR_TLINE_LENGTH                    ; 0                                                                                                                                                                                                                                                ; --            ; --          ; 1.2V                    ;
; BOARD_MODEL_NEAR_TLINE_L_PER_LENGTH              ; 0                                                                                                                                                                                                                                                ; --            ; --          ; 1.2V                    ;
; BOARD_MODEL_TERMINATION_V                        ; 0                                                                                                                                                                                                                                                ; --            ; --          ; 1.2V                    ;
; BOARD_MODEL_TLINE_C_PER_LENGTH                   ; 0                                                                                                                                                                                                                                                ; --            ; --          ; 1.2V                    ;
; BOARD_MODEL_TLINE_LENGTH                         ; 0                                                                                                                                                                                                                                                ; --            ; --          ; 1.2V                    ;
; BOARD_MODEL_TLINE_L_PER_LENGTH                   ; 0                                                                                                                                                                                                                                                ; --            ; --          ; 1.2V                    ;
; COMPILER_SIGNATURE_ID                            ; 18544355728770.146170080603268                                                                                                                                                                                                                   ; --            ; --          ; --                      ;
; EDA_GENERATE_POWER_INPUT_FILE                    ; Off                                                                                                                                                                                                                                              ; --            ; --          ; eda_simulation          ;
; EDA_MAINTAIN_DESIGN_HIERARCHY                    ; Off                                                                                                                                                                                                                                              ; --            ; --          ; eda_simulation          ;
; EDA_OUTPUT_DATA_FORMAT                           ; Vhdl                                                                                                                                                                                                                                             ; --            ; --          ; eda_simulation          ;
; EDA_OUTPUT_DATA_FORMAT                           ; None                                                                                                                                                                                                                                             ; --            ; --          ; eda_board_design_symbol ;
; EDA_SIMULATION_TOOL                              ; Active-HDL (VHDL)                                                                                                                                                                                                                                ; <None>        ; --          ; --                      ;
; EDA_TIME_SCALE                                   ; 1 ps                                                                                                                                                                                                                                             ; --            ; --          ; eda_simulation          ;
; ENABLE_SIGNALTAP                                 ; On                                                                                                                                                                                                                                               ; --            ; --          ; --                      ;
; INCREMENTAL_COMPILATION_EXPORT_FLATTEN           ; Off                                                                                                                                                                                                                                              ; --            ; --          ; --                      ;
; INCREMENTAL_COMPILATION_EXPORT_POST_FIT          ; Off                                                                                                                                                                                                                                              ; --            ; --          ; --                      ;
; INCREMENTAL_COMPILATION_EXPORT_POST_SYNTH        ; Off                                                                                                                                                                                                                                              ; --            ; --          ; --                      ;
; INCREMENTAL_COMPILATION_EXPORT_ROUTING           ; Off                                                                                                                                                                                                                                              ; --            ; --          ; --                      ;
; MAX_CONSECUTIVE_OUTPUTS_FOR_ELECTROMIGRATION     ; 14                                                                                                                                                                                                                                               ; --            ; --          ; --                      ;
; MAX_CONSECUTIVE_VIO_OUTPUTS_FOR_ELECTROMIGRATION ; 12                                                                                                                                                                                                                                               ; --            ; --          ; --                      ;
; MAX_CURRENT_FOR_ELECTROMIGRATION                 ; 240                                                                                                                                                                                                                                              ; --            ; --          ; --                      ;
; MAX_CURRENT_FOR_VIO_ELECTROMIGRATION             ; 240                                                                                                                                                                                                                                              ; --            ; --          ; --                      ;
; OPTIMIZE_HOLD_TIMING                             ; IO Paths and Minimum TPD Paths                                                                                                                                                                                                                   ; All Paths     ; --          ; --                      ;
; OUTPUT_IO_TIMING_FAR_END_VMEAS                   ; Half Signal Swing                                                                                                                                                                                                                                ; --            ; --          ; --                      ;
; OUTPUT_IO_TIMING_FAR_END_VMEAS                   ; Half Signal Swing                                                                                                                                                                                                                                ; --            ; --          ; --                      ;
; OUTPUT_IO_TIMING_NEAR_END_VMEAS                  ; Half Signal Swing                                                                                                                                                                                                                                ; --            ; --          ; --                      ;
; OUTPUT_IO_TIMING_NEAR_END_VMEAS                  ; Half Signal Swing                                                                                                                                                                                                                                ; --            ; --          ; --                      ;
; PARTITION_COLOR                                  ; 16764057                                                                                                                                                                                                                                         ; --            ; --          ; Top                     ;
; PARTITION_COLOR                                  ; 16764057                                                                                                                                                                                                                                         ; --            ; DE2_115     ; Top                     ;
; PARTITION_FITTER_PRESERVATION_LEVEL              ; PLACEMENT_AND_ROUTING                                                                                                                                                                                                                            ; --            ; --          ; Top                     ;
; PARTITION_NETLIST_TYPE                           ; SOURCE                                                                                                                                                                                                                                           ; --            ; --          ; Top                     ;
; PARTITION_NETLIST_TYPE                           ; SOURCE                                                                                                                                                                                                                                           ; --            ; DE2_115     ; Top                     ;
; SLD_FILE                                         ; db/stp1_auto_stripped.stp                                                                                                                                                                                                                        ; --            ; --          ; --                      ;
; SLD_NODE_CREATOR_ID                              ; 110                                                                                                                                                                                                                                              ; --            ; --          ; auto_signaltap_0        ;
; SLD_NODE_ENTITY_NAME                             ; sld_signaltap                                                                                                                                                                                                                                    ; --            ; --          ; auto_signaltap_0        ;
; SLD_NODE_PARAMETER_ASSIGNMENT                    ; SLD_RAM_BLOCK_TYPE=AUTO                                                                                                                                                                                                                          ; --            ; --          ; auto_signaltap_0        ;
; SLD_NODE_PARAMETER_ASSIGNMENT                    ; SLD_NODE_INFO=805334528                                                                                                                                                                                                                          ; --            ; --          ; auto_signaltap_0        ;
; SLD_NODE_PARAMETER_ASSIGNMENT                    ; SLD_STORAGE_QUALIFIER_INVERSION_MASK_LENGTH=0                                                                                                                                                                                                    ; --            ; --          ; auto_signaltap_0        ;
; SLD_NODE_PARAMETER_ASSIGNMENT                    ; SLD_ATTRIBUTE_MEM_MODE=OFF                                                                                                                                                                                                                       ; --            ; --          ; auto_signaltap_0        ;
; SLD_NODE_PARAMETER_ASSIGNMENT                    ; SLD_STATE_FLOW_USE_GENERATED=0                                                                                                                                                                                                                   ; --            ; --          ; auto_signaltap_0        ;
; SLD_NODE_PARAMETER_ASSIGNMENT                    ; SLD_STATE_BITS=11                                                                                                                                                                                                                                ; --            ; --          ; auto_signaltap_0        ;
; SLD_NODE_PARAMETER_ASSIGNMENT                    ; SLD_BUFFER_FULL_STOP=1                                                                                                                                                                                                                           ; --            ; --          ; auto_signaltap_0        ;
; SLD_NODE_PARAMETER_ASSIGNMENT                    ; SLD_CURRENT_RESOURCE_WIDTH=1                                                                                                                                                                                                                     ; --            ; --          ; auto_signaltap_0        ;
; SLD_NODE_PARAMETER_ASSIGNMENT                    ; SLD_INCREMENTAL_ROUTING=1                                                                                                                                                                                                                        ; --            ; --          ; auto_signaltap_0        ;
; SLD_NODE_PARAMETER_ASSIGNMENT                    ; SLD_TRIGGER_LEVEL=1                                                                                                                                                                                                                              ; --            ; --          ; auto_signaltap_0        ;
; SLD_NODE_PARAMETER_ASSIGNMENT                    ; SLD_TRIGGER_IN_ENABLED=0                                                                                                                                                                                                                         ; --            ; --          ; auto_signaltap_0        ;
; SLD_NODE_PARAMETER_ASSIGNMENT                    ; SLD_ADVANCED_TRIGGER_ENTITY=basic,1,                                                                                                                                                                                                             ; --            ; --          ; auto_signaltap_0        ;
; SLD_NODE_PARAMETER_ASSIGNMENT                    ; SLD_TRIGGER_LEVEL_PIPELINE=1                                                                                                                                                                                                                     ; --            ; --          ; auto_signaltap_0        ;
; SLD_NODE_PARAMETER_ASSIGNMENT                    ; SLD_ENABLE_ADVANCED_TRIGGER=0                                                                                                                                                                                                                    ; --            ; --          ; auto_signaltap_0        ;
; SLD_NODE_PARAMETER_ASSIGNMENT                    ; SLD_POWER_UP_TRIGGER=1                                                                                                                                                                                                                           ; --            ; --          ; auto_signaltap_0        ;
; SLD_NODE_PARAMETER_ASSIGNMENT                    ; SLD_SEGMENT_SIZE=512                                                                                                                                                                                                                             ; --            ; --          ; auto_signaltap_0        ;
; SLD_NODE_PARAMETER_ASSIGNMENT                    ; SLD_SAMPLE_DEPTH=512                                                                                                                                                                                                                             ; --            ; --          ; auto_signaltap_0        ;
; SLD_NODE_PARAMETER_ASSIGNMENT                    ; SLD_DATA_BITS=66                                                                                                                                                                                                                                 ; --            ; --          ; auto_signaltap_0        ;
; SLD_NODE_PARAMETER_ASSIGNMENT                    ; SLD_TRIGGER_BITS=66                                                                                                                                                                                                                              ; --            ; --          ; auto_signaltap_0        ;
; SLD_NODE_PARAMETER_ASSIGNMENT                    ; SLD_STORAGE_QUALIFIER_BITS=66                                                                                                                                                                                                                    ; --            ; --          ; auto_signaltap_0        ;
; SLD_NODE_PARAMETER_ASSIGNMENT                    ; SLD_INVERSION_MASK=00000000000000000000000000000000000000000000000000000000000000000000000000000000000000000000000000000000000000000000000000000000000000000000000000000000000000000000000000000000000000000000000000000000000000010001110111111 ; --            ; --          ; auto_signaltap_0        ;
; SLD_NODE_PARAMETER_ASSIGNMENT                    ; SLD_INVERSION_MASK_LENGTH=221                                                                                                                                                                                                                    ; --            ; --          ; auto_signaltap_0        ;
; USER_LIBRARIES                                   ; c:/Users/Megatron/Desktop/Part4/src                                                                                                                                                                                                              ; --            ; --          ; --                      ;
; USE_SIGNALTAP_FILE                               ; stp1.stp                                                                                                                                                                                                                                         ; --            ; --          ; --                      ;
+--------------------------------------------------+--------------------------------------------------------------------------------------------------------------------------------------------------------------------------------------------------------------------------------------------------+---------------+-------------+-------------------------+


+-------------------------------------------------------------------------------------------------------------------------------+
; Flow Elapsed Time                                                                                                             ;
+---------------------------+--------------+-------------------------+---------------------+------------------------------------+
; Module Name               ; Elapsed Time ; Average Processors Used ; Peak Virtual Memory ; Total CPU Time (on all processors) ;
+---------------------------+--------------+-------------------------+---------------------+------------------------------------+
; Analysis & Synthesis      ; 00:01:38     ; 1.0                     ; 942 MB              ; 00:02:28                           ;
; Fitter                    ; 00:01:13     ; 1.0                     ; 1544 MB             ; 00:01:31                           ;
; Assembler                 ; 00:00:17     ; 1.0                     ; 766 MB              ; 00:00:16                           ;
; TimeQuest Timing Analyzer ; 00:00:13     ; 1.1                     ; 949 MB              ; 00:00:13                           ;
; EDA Netlist Writer        ; 00:00:25     ; 1.0                     ; 771 MB              ; 00:00:22                           ;
; Total                     ; 00:03:46     ; --                      ; --                  ; 00:04:50                           ;
+---------------------------+--------------+-------------------------+---------------------+------------------------------------+


+----------------------------------------------------------------------------------------+
; Flow OS Summary                                                                        ;
+---------------------------+------------------+-----------+------------+----------------+
; Module Name               ; Machine Hostname ; OS Name   ; OS Version ; Processor type ;
+---------------------------+------------------+-----------+------------+----------------+
; Analysis & Synthesis      ; Megatron-PC      ; Windows 8 ; 6.2        ; x86_64         ;
; Fitter                    ; Megatron-PC      ; Windows 8 ; 6.2        ; x86_64         ;
; Assembler                 ; Megatron-PC      ; Windows 8 ; 6.2        ; x86_64         ;
; TimeQuest Timing Analyzer ; Megatron-PC      ; Windows 8 ; 6.2        ; x86_64         ;
; EDA Netlist Writer        ; Megatron-PC      ; Windows 8 ; 6.2        ; x86_64         ;
+---------------------------+------------------+-----------+------------+----------------+


------------
; Flow Log ;
------------
quartus_map --read_settings_files=on --write_settings_files=off Lab4Part4 -c Complete_MIPS
quartus_fit --read_settings_files=off --write_settings_files=off Lab4Part4 -c Complete_MIPS
quartus_asm --read_settings_files=off --write_settings_files=off Lab4Part4 -c Complete_MIPS
quartus_sta Lab4Part4 -c Complete_MIPS
quartus_eda --read_settings_files=off --write_settings_files=off Lab4Part4 -c Complete_MIPS



